IQ-TREE multicore version 1.6.12 for Linux 64-bit built Aug 15 2019
Developed by Bui Quang Minh, Nguyen Lam Tung, Olga Chernomor,
Heiko Schmidt, Dominik Schrempf, Michael Woodhams.

Host:    cox (AVX, FMA3, 997 GB RAM)
Command: ../../iqtree -s MrBayes_codon.nex -st DNA -spp PartitionFile.txt -pre MrBayes_codon.nex -m TEST -alrt 1000 -abayes
Seed:    377368 (Using SPRNG - Scalable Parallel Random Number Generator)
Time:    Fri Feb 28 02:09:40 2025
Kernel:  AVX+FMA - 1 threads (48 CPU cores detected)

HINT: Use -nt option to specify number of threads because your CPU has 48 cores!
HINT: -nt AUTO will automatically determine the best number of threads to use.

Reading partition model file PartitionFile.txt ...
Reading alignment file MrBayes_codon.nex ... Nexus format detected
Skipping unknown block (mrbayes)...
Alignment has 55 sequences with 1160 columns, 554 distinct patterns
418 parsimony-informative, 93 singleton sites, 649 constant sites
                                      Gap/Ambiguity  Composition  p-value
   1  M_sp_03_1002_                           0.26%    passed     22.65%
   2  M_sp_16_1015_                           0.09%    passed     23.60%
   3  M_sp_22_1021                            0.00%    passed     21.34%
   4  M_sp_23_1022_                           0.00%    passed     21.34%
   5  M_sp_36_1035                            0.00%    passed     21.34%
   6  M_sp_06_1005_                           0.00%    passed     21.34%
   7  M_sp_08_1007_                           0.43%    passed     26.27%
   8  M_sp_13_1012                            0.09%    passed     20.43%
   9  M_sp_26_1025                            0.00%    passed     24.59%
  10  M_sp_35_1034                            0.09%    passed     27.06%
  11  M_sp_33_1032                            0.00%    passed     21.99%
  12  M_sp_24_1023_                           0.00%    passed     20.59%
  13  M_sp_34_1033_                           0.09%    passed     20.65%
  14  M_sp_05_1004_                           0.17%    passed     22.85%
  15  M_sp_29_1028                            0.00%    passed     21.34%
  16  M_sp_27_1026_                           0.09%    passed     28.55%
  17  Macrobrachium_brasiliense_MN149322      6.64%    passed     98.86%
  18  M_sp_28_1027_                           0.26%    passed     53.52%
  19  M_sp_09_1008                            0.17%    passed     40.79%
  20  M_sp_11_1010_                           0.17%    passed     27.59%
  21  M_sp_32_1031_                           0.09%    passed     17.62%
  22  M_sp_20_1019_                           0.60%    passed     47.49%
  23  M_sp_21_1020_                           0.34%    passed     49.65%
  24  M_sp_25_1024                            0.60%    passed     50.54%
  25  Macrobrachium_veredensis_MN149329       6.64%    passed     89.15%
  26  Macrobrachium_borellii_HM352426        56.64%    failed      0.00%
  27  Macrobrachium_potiuna_JX466947          6.55%    passed     28.72%
  28  Macrobrachium_iheringi_HM352432        56.64%    failed      0.12%
  29  Macrobrachium_acanthurus_HM352445      56.81%    failed      1.00%
  30  Macrobrachium_amazonicum_HM352441      56.81%    failed      0.04%
  31  Macrobrachium_tenellum_OR690201        59.57%    failed      0.38%
  32  Macrobrachium_americanum_MZ678725       0.09%    passed     14.44%
  33  Macrobrachium_carcinus_HM352452        56.72%    failed      0.16%
  34  Macrobrachium_crenulatum_HM352463      56.72%    failed      0.22%
  35  Macrobrachium_digueti_KY111091         59.22%    failed      0.26%
  36  Macrobrachium_hancocki_JQ805823        60.09%    failed      0.19%
  37  Macrobrachium_denticulatum_HM352462    56.72%    failed      4.05%
  38  Macrobrachium_olfersii_JQ805839        60.09%    failed      1.32%
  39  Macrobrachium_faustinum_JQ805812       60.09%    failed      0.36%
  40  Macrobrachium_caementarius_HM352453    56.81%    failed      0.99%
  41  Macrobrachium_inca_OR941678_            4.14%    failed      1.66%
  42  Macrobrachium_panamense_OR941680        4.14%    failed      0.80%
  43  Macrobrachium_heterochirus_KM101479    56.72%    failed      0.19%
  44  Macrobrachium_rosenbergii_MK113948     10.69%    passed     18.22%
  45  Macrobrachium_aracamuni_HM352430       56.72%    failed      0.01%
  46  Macrobrachium_ferreirai_HM352427       56.72%    failed      0.04%
  47  Macrobrachium_inpa_HM352433            56.72%    failed      0.03%
  48  Macrobrachium_nattereri_HM352428       56.72%    failed      0.10%
  49  Macrobrachium_depressimanum_HM352435   56.72%    failed      0.00%
  50  Macrobrachium_jelskii_KP054339         10.34%    passed     12.65%
  51  Macrobrachium_gallus_OR941622_          4.14%    failed      2.33%
  52  Palaemon_ivonicus_KF923729              1.03%    failed      0.00%
  53  Palaemon_mercedae_KP178971              0.26%    failed      3.17%
  54  Palaemon_argentinus_KP178997_1         13.28%    failed      0.02%
  55  Palaemon_northropi_HM352424             0.34%    passed     95.31%
WARNING: 19 sequences contain more than 50% gaps/ambiguity
****  TOTAL                                  21.18%  25 sequences failed composition chi2 test (p-value<5%; df=3)
NOTE: No CharPartition defined, use all CharSets

Loading 4 partitions...
Subset	Type	Seqs	Sites	Infor	Invar	Model	Name
1	DNA	55	503	189	261	TEST	16S
2	DNA	36	219	33	169	TEST	COI1
3	DNA	36	219	6	209	TEST	COI2
4	DNA	36	219	190	10	TEST	COI3
Degree of missing data: 0.196
Info: multi-threading strategy over partitions

NOTE: M_sp_23_1022_ is identical to M_sp_22_1021 but kept for subsequent analysis
NOTE: 3 identical sequences (see below) will be ignored for subsequent analysis
NOTE: M_sp_36_1035 (identical to M_sp_22_1021) is ignored but added at the end
NOTE: M_sp_06_1005_ (identical to M_sp_22_1021) is ignored but added at the end
NOTE: M_sp_29_1028 (identical to M_sp_22_1021) is ignored but added at the end
Concatenated alignment was printed to MrBayes_codon.nex.uniqueseq.phy

For your convenience alignment with unique sequences printed to MrBayes_codon.nex.uniqueseq.phy


Create initial parsimony tree by phylogenetic likelihood library (PLL)... 0.008 seconds
NOTE: ModelFinder requires 3 MB RAM!
Testing GTR+F+G on supermatrix...
GTR+F+G4 / LnL: -10262.252 / df: 110 / AIC: 20744.503 / AICc: 20767.783 / BIC: 21300.683
Selecting individual models for 4 charsets using BIC...
 No. Model        Score       Charset
   1 TVM+F+I+G4   10273.907   16S
   2 TNe+I        1667.400    COI1
   3 F81+F+I      820.474     COI2
   4 TIM2+F+G4    6793.304    COI3
Full partition model BIC score: 20297.399 (LnL: -9700.632  df:127)
Partition information was printed to MrBayes_codon.nex.best_scheme.nex
Partition information in Raxml format was printed to MrBayes_codon.nex.best_scheme

All model information printed to MrBayes_codon.nex.model.gz
CPU time for ModelFinder: 13.928 seconds (0h:0m:13s)
Wall-clock time for ModelFinder: 14.163 seconds (0h:0m:14s)

NOTE: 2 MB RAM (0 GB) is required!
Estimate model parameters (epsilon = 0.100)
Initial log-likelihood: -10742.202
Current log-likelihood at step 1: -9825.233
Current log-likelihood at step 2: -9723.682
Current log-likelihood at step 3: -9719.436
Current log-likelihood at step 4: -9716.097
Current log-likelihood at step 5: -9713.308
Current log-likelihood at step 6: -9710.988
Current log-likelihood at step 7: -9709.072
Current log-likelihood at step 8: -9707.476
Current log-likelihood at step 9: -9706.152
Current log-likelihood at step 10: -9704.999
Current log-likelihood at step 11: -9703.966
Current log-likelihood at step 12: -9703.007
Current log-likelihood at step 13: -9702.122
Current log-likelihood at step 14: -9701.299
Current log-likelihood at step 15: -9700.511
Current log-likelihood at step 16: -9699.792
Current log-likelihood at step 17: -9699.115
Current log-likelihood at step 18: -9698.472
Current log-likelihood at step 19: -9697.868
Current log-likelihood at step 20: -9697.298
Current log-likelihood at step 21: -9696.757
Current log-likelihood at step 22: -9696.244
Current log-likelihood at step 23: -9695.756
Current log-likelihood at step 24: -9695.292
Current log-likelihood at step 25: -9694.845
Current log-likelihood at step 26: -9694.420
Current log-likelihood at step 27: -9694.014
Current log-likelihood at step 28: -9693.627
Current log-likelihood at step 29: -9693.239
Current log-likelihood at step 30: -9692.883
Current log-likelihood at step 31: -9692.544
Current log-likelihood at step 32: -9692.220
Current log-likelihood at step 33: -9691.904
Current log-likelihood at step 34: -9691.602
Current log-likelihood at step 35: -9691.306
Current log-likelihood at step 36: -9691.026
Current log-likelihood at step 37: -9690.759
Current log-likelihood at step 38: -9690.501
Current log-likelihood at step 39: -9690.255
Current log-likelihood at step 40: -9690.018
Current log-likelihood at step 41: -9689.790
Current log-likelihood at step 42: -9689.594
Current log-likelihood at step 43: -9689.427
Current log-likelihood at step 44: -9689.271
Current log-likelihood at step 45: -9689.123
Current log-likelihood at step 46: -9688.981
Current log-likelihood at step 47: -9688.840
Current log-likelihood at step 48: -9688.707
Current log-likelihood at step 49: -9688.578
Current log-likelihood at step 50: -9688.414
Current log-likelihood at step 51: -9688.277
Current log-likelihood at step 52: -9688.157
Current log-likelihood at step 53: -9688.041
Current log-likelihood at step 54: -9687.929
Current log-likelihood at step 55: -9687.820
Current log-likelihood at step 56: -9687.715
Current log-likelihood at step 57: -9687.613
Current log-likelihood at step 58: -9687.514
Partition-specific rates:  0.579 0.240 0.059 3.668
Parameters optimization took 57 rounds (4.694 sec)

Computing ML distances based on estimated model parameters... 0.052 sec
Computing BIONJ tree...
0.032 seconds
Log-likelihood of BIONJ tree: -9717.671
--------------------------------------------------------------------
|             INITIALIZING CANDIDATE TREE SET                      |
--------------------------------------------------------------------
Generating 98 parsimony trees... 0.735 second
Computing log-likelihood of 98 initial trees ... 2.881 seconds
Current best score: -9677.556

Do NNI search on 20 best initial trees
Estimate model parameters (epsilon = 0.100)
Initial log-likelihood: -9655.450
Current log-likelihood at step 1: -9654.648
Current log-likelihood at step 2: -9654.491
Current log-likelihood at step 3: -9654.371
Current log-likelihood at step 4: -9654.257
Current log-likelihood at step 5: -9654.151
Current log-likelihood at step 6: -9654.049
Current log-likelihood at step 7: -9653.949
Parameters optimization took 6 rounds (0.491 sec)

BETTER TREE FOUND at iteration 1: -9653.949
Estimate model parameters (epsilon = 0.100)
Initial log-likelihood: -9653.927
Current log-likelihood at step 1: -9653.806
Current log-likelihood at step 2: -9653.710
Parameters optimization took 1 rounds (0.117 sec)

BETTER TREE FOUND at iteration 2: -9653.710
Estimate model parameters (epsilon = 0.100)
Initial log-likelihood: -9653.693
Current log-likelihood at step 1: -9653.581
Current log-likelihood at step 2: -9653.489
Parameters optimization took 1 rounds (0.118 sec)

BETTER TREE FOUND at iteration 3: -9653.489
Estimate model parameters (epsilon = 0.100)
Initial log-likelihood: -9653.473
Current log-likelihood at step 1: -9653.367
Current log-likelihood at step 2: -9653.280
Parameters optimization took 1 rounds (0.120 sec)

BETTER TREE FOUND at iteration 5: -9653.280
Estimate model parameters (epsilon = 0.100)
Initial log-likelihood: -9653.265
Current log-likelihood at step 1: -9653.167
Parameters optimization took 0 rounds (0.060 sec)

BETTER TREE FOUND at iteration 8: -9653.167
Estimate model parameters (epsilon = 0.100)
Initial log-likelihood: -9653.153
Current log-likelihood at step 1: -9653.056
Parameters optimization took 0 rounds (0.059 sec)

BETTER TREE FOUND at iteration 9: -9653.056
Iteration 10 / LogL: -9657.561 / Time: 0h:0m:11s
BETTER TREE FOUND at iteration 11: -9653.048
BETTER TREE FOUND at iteration 12: -9653.043
Iteration 20 / LogL: -9653.497 / Time: 0h:0m:14s
Finish initializing candidate tree set (20)
Current best tree score: -9653.043 / CPU time: 9.221
Number of iterations: 20
--------------------------------------------------------------------
|               OPTIMIZING CANDIDATE TREE SET                      |
--------------------------------------------------------------------
BETTER TREE FOUND at iteration 30: -9653.043
Iteration 30 / LogL: -9653.043 / Time: 0h:0m:17s (0h:0m:59s left)
Iteration 40 / LogL: -9653.049 / Time: 0h:0m:20s (0h:0m:46s left)
Iteration 50 / LogL: -9653.972 / Time: 0h:0m:23s (0h:0m:38s left)
Iteration 60 / LogL: -9653.049 / Time: 0h:0m:26s (0h:0m:31s left)
Iteration 70 / LogL: -9653.649 / Time: 0h:0m:29s (0h:0m:25s left)
Iteration 80 / LogL: -9653.044 / Time: 0h:0m:32s (0h:0m:20s left)
Iteration 90 / LogL: -9653.045 / Time: 0h:0m:35s (0h:0m:15s left)
Iteration 100 / LogL: -9653.660 / Time: 0h:0m:38s (0h:0m:11s left)
Iteration 110 / LogL: -9653.044 / Time: 0h:0m:41s (0h:0m:7s left)
Iteration 120 / LogL: -9655.782 / Time: 0h:0m:44s (0h:0m:3s left)
Iteration 130 / LogL: -9653.648 / Time: 0h:0m:47s (0h:0m:0s left)
TREE SEARCH COMPLETED AFTER 131 ITERATIONS / Time: 0h:0m:47s

--------------------------------------------------------------------
|                    FINALIZING TREE SEARCH                        |
--------------------------------------------------------------------
Performs final model parameters optimization
Estimate model parameters (epsilon = 0.010)
Initial log-likelihood: -9653.043
Current log-likelihood at step 1: -9652.938
Current log-likelihood at step 2: -9652.841
Current log-likelihood at step 3: -9652.748
Current log-likelihood at step 4: -9652.659
Current log-likelihood at step 5: -9652.574
Current log-likelihood at step 6: -9652.492
Current log-likelihood at step 7: -9652.412
Current log-likelihood at step 8: -9652.336
Current log-likelihood at step 9: -9652.243
Current log-likelihood at step 10: -9652.171
Current log-likelihood at step 11: -9652.102
Current log-likelihood at step 12: -9652.035
Current log-likelihood at step 13: -9651.971
Current log-likelihood at step 14: -9651.908
Current log-likelihood at step 15: -9651.848
Current log-likelihood at step 16: -9651.790
Current log-likelihood at step 17: -9651.733
Current log-likelihood at step 18: -9651.679
Current log-likelihood at step 19: -9651.626
Current log-likelihood at step 20: -9651.575
Current log-likelihood at step 21: -9651.527
Current log-likelihood at step 22: -9651.479
Current log-likelihood at step 23: -9651.433
Current log-likelihood at step 24: -9651.389
Current log-likelihood at step 25: -9651.346
Current log-likelihood at step 26: -9651.304
Current log-likelihood at step 27: -9651.264
Current log-likelihood at step 28: -9651.225
Current log-likelihood at step 29: -9651.188
Current log-likelihood at step 30: -9651.152
Current log-likelihood at step 31: -9651.116
Current log-likelihood at step 32: -9651.083
Current log-likelihood at step 33: -9651.052
Current log-likelihood at step 34: -9651.019
Current log-likelihood at step 35: -9650.989
Current log-likelihood at step 36: -9650.960
Current log-likelihood at step 37: -9650.931
Current log-likelihood at step 38: -9650.903
Current log-likelihood at step 39: -9650.875
Current log-likelihood at step 40: -9650.850
Current log-likelihood at step 41: -9650.824
Current log-likelihood at step 42: -9650.801
Current log-likelihood at step 43: -9650.780
Current log-likelihood at step 44: -9650.759
Current log-likelihood at step 45: -9650.740
Current log-likelihood at step 46: -9650.720
Current log-likelihood at step 47: -9650.702
Current log-likelihood at step 48: -9650.686
Current log-likelihood at step 49: -9650.671
Current log-likelihood at step 50: -9650.657
Current log-likelihood at step 51: -9650.643
Current log-likelihood at step 52: -9650.629
Current log-likelihood at step 53: -9650.616
Current log-likelihood at step 54: -9650.603
Current log-likelihood at step 55: -9650.590
Current log-likelihood at step 56: -9650.578
Current log-likelihood at step 57: -9650.566
Current log-likelihood at step 58: -9650.554
Current log-likelihood at step 59: -9650.542
Current log-likelihood at step 60: -9650.530
Current log-likelihood at step 61: -9650.519
Current log-likelihood at step 62: -9650.508
Current log-likelihood at step 63: -9650.498
Current log-likelihood at step 64: -9650.488
Current log-likelihood at step 65: -9650.478
Current log-likelihood at step 66: -9650.468
Partition-specific rates:  0.590 0.244 0.029 3.669
Parameters optimization took 65 rounds (4.429 sec)

BEST SCORE FOUND : -9650.468

Testing tree branches by SH-like aLRT with 1000 replicates...
Testing tree branches by aBayes parametric test...
Alternative NNI shows better log-likelihood -9650.276 > -9650.468
1.701 sec.
Total tree length: 5.478

Total number of iterations: 131
CPU time used for tree search: 42.136 sec (0h:0m:42s)
Wall-clock time used for tree search: 42.387 sec (0h:0m:42s)
Total CPU time used: 53.156 sec (0h:0m:53s)
Total wall-clock time used: 53.618 sec (0h:0m:53s)

Analysis results written to: 
  IQ-TREE report:                MrBayes_codon.nex.iqtree
  Maximum-likelihood tree:       MrBayes_codon.nex.treefile
  Likelihood distances:          MrBayes_codon.nex.mldist
  Best partitioning scheme:      MrBayes_codon.nex.best_scheme.nex
           in RAxML format:      MrBayes_codon.nex.best_scheme
  Screen log file:               MrBayes_codon.nex.log

Date and Time: Fri Feb 28 02:10:48 2025
